populations v2.65, executed 2024-01-18 21:17:12 (zlib-1.2.7)
populations -V /home/group.kurse/qbcbp009/Group2/group_2_final_accession_1001genomes_snp-short-indel_only_ACGTN_Dp10GQ20Q30_NoIndel_Bialleleic_80PcMissing.vcf.gz --popmap /home/group.kurse/qbcbp009/Group2/pop.txt --fstats -t 10 --structure -O /home/group.kurse/qbcbp009/Group2/stacks
Locus/sample distributions will be written to '/home/group.kurse/qbcbp009/Group2/stacks/group_2_final_accession_1001genomes_snp-short-indel_only_ACGTN_Dp10GQ20Q30_NoIndel_Bialleleic_80PcMissing.p.log.distribs'.
populations parameters selected:
  Input mode: VCF
  Percent samples limit per population: 0
  Locus Population limit: 1
  Percent samples overall: 0
  Minor allele frequency cutoff: 0
  Maximum observed heterozygosity cutoff: 1
  Applying Fst correction: none.
  Pi/Fis kernel smoothing: off
  F-stats kernel smoothing: off
  Bootstrap resampling: off

Parsing population map...
The population map contained 180 samples, 3 population(s), 1 group(s).
Opening the VCF file...
Working on 180 samples.
Working on 3 population(s):
    ITA: 7025, 7067, 7068, 7319, 7333, 8243, 8337, 9646, 9647, 9648, 9649, 9651, 9653, 9655, 9656, 9657, 9658, 9659, 9660, 9661, 9663, 
         9664, 9665, 9666, 9667, 9668, 9669, 9670, 9671, 9672, 9673, 9676, 9677, 9678, 9679, 9680, 9681, 9682, 9683, 9684, 9762, 9962, 
         9963, 9964, 9965, 9966, 9968, 9969, 9970, 9971, 9972, 9973, 9976, 9978, 9979, 9980, 9981, 9982, 9983, 9984
    GER: 10022, 10027, 6680, 6915, 6919, 6920, 6922, 6932, 6940, 6982, 6987, 7013, 7028, 7031, 7062, 7094, 7106, 7117, 7119, 7120, 
         7125, 7133, 7161, 7162, 7163, 7165, 7169, 7202, 7203, 7213, 7244, 7250, 7268, 7273, 7276, 7280, 7287, 7305, 7343, 7344, 7346, 
         7378, 7404, 7411, 7415, 7419, 8290, 8420, 9772, 9775, 9776, 9778, 9780, 9789, 9796, 9799, 9803, 9813, 9814, 9995
    SWE: 1002, 1006, 1254, 1257, 1313, 1317, 1552, 5856, 6064, 6069, 6086, 6100, 6101, 6102, 6153, 6154, 6163, 6177, 6180, 6214, 6216, 
         6217, 6218, 6231, 6235, 6237, 6238, 6240, 6241, 6252, 6255, 6258, 6268, 6276, 6284, 6900, 6901, 6917, 6918, 7516, 7517, 8351, 
         8386, 8387, 9058, 9339, 9371, 9399, 9402, 9416, 9433, 9442, 9453, 9454, 9455, 9476, 9481, 991, 992, 997
Working on 1 group(s) of populations:
    defaultgrp: ITA, GER, SWE

Polymorphic sites in Structure format will be written to '/home/group.kurse/qbcbp009/Group2/stacks/group_2_final_accession_1001genomes_snp-short-indel_only_ACGTN_Dp10GQ20Q30_NoIndel_Bialleleic_80PcMissing.p.structure'
Raw haplotypes will be written to '/home/group.kurse/qbcbp009/Group2/stacks/group_2_final_accession_1001genomes_snp-short-indel_only_ACGTN_Dp10GQ20Q30_NoIndel_Bialleleic_80PcMissing.p.haplotypes.tsv'
Population-level summary statistics will be written to '/home/group.kurse/qbcbp009/Group2/stacks/group_2_final_accession_1001genomes_snp-short-indel_only_ACGTN_Dp10GQ20Q30_NoIndel_Bialleleic_80PcMissing.p.sumstats.tsv'
Population-level haplotype summary statistics will be written to '/home/group.kurse/qbcbp009/Group2/stacks/group_2_final_accession_1001genomes_snp-short-indel_only_ACGTN_Dp10GQ20Q30_NoIndel_Bialleleic_80PcMissing.p.hapstats.tsv'

Processing data in batches:
  * load a batch of catalog loci and apply filters
  * compute SNP- and haplotype-wise per-population statistics
  * compute F-statistics
  * write the above statistics in the output files
  * export the genotypes/haplotypes in specified format(s)
More details in '/home/group.kurse/qbcbp009/Group2/stacks/group_2_final_accession_1001genomes_snp-short-indel_only_ACGTN_Dp10GQ20Q30_NoIndel_Bialleleic_80PcMissing.p.log.distribs'.

Now processing...
1 
2 
3 
4 
5 
Found 4220 SNP records in file '/home/group.kurse/qbcbp009/Group2/group_2_final_accession_1001genomes_snp-short-indel_only_ACGTN_Dp10GQ20Q30_NoIndel_Bialleleic_80PcMissing.vcf.gz'. (Skipped 0 already filtered-out SNPs and 0 non-SNP records ; more with --verbose.)

Removed 0 loci that did not pass sample/population constraints from 4220 loci.
Kept 4220 loci, composed of 4220 sites; 0 of those sites were filtered, 1577 variant sites remained.
    4220 genomic sites, of which 0 were covered by multiple loci (0.0%).
Mean genotyped sites per locus: 1.00bp (stderr 0.00).

Population summary statistics (more detail in populations.sumstats_summary.tsv):
  ITA: 37.663 samples per locus; pi: 0.097833; all/variant/polymorphic sites: 4220/1577/955; private alleles: 270
  GER: 48.594 samples per locus; pi: 0.10699; all/variant/polymorphic sites: 4220/1577/1044; private alleles: 238
  SWE: 56.331 samples per locus; pi: 0.11128; all/variant/polymorphic sites: 4220/1577/946; private alleles: 208

Population pair divergence statistics (more in populations.fst_summary.tsv and populations.phistats_summary.tsv):
  ITA-GER: mean Fst: 0.022935; mean Phi_st: 0.032495; mean Fst': 0.01032; mean Dxy: nan
  ITA-SWE: mean Fst: 0.036615; mean Phi_st: 0.059408; mean Fst': 0.021288; mean Dxy: nan
  GER-SWE: mean Fst: 0.026644; mean Phi_st: 0.041147; mean Fst': 0.01459; mean Dxy: nan

Populations is done.
